<?xml version="1.0" encoding="UTF-8"?>
<testng-results ignored="0" total="1" passed="1" failed="0" skipped="0">
  <reporter-output>
  </reporter-output>
  <suite started-at="2026-02-14T21:09:58 IST" name="Suite" finished-at="2026-02-14T21:10:03 IST" duration-ms="4567">
    <groups>
    </groups>
    <test started-at="2026-02-14T21:09:58 IST" name="Test" finished-at="2026-02-14T21:10:03 IST" duration-ms="4567">
      <class name="test.Test_GoogleTextBox">
        <test-method signature="googleTextBox()[pri:0, instance:test.Test_GoogleTextBox@351d00c0]" started-at="2026-02-14T21:09:58 IST" name="googleTextBox" finished-at="2026-02-14T21:10:03 IST" duration-ms="4473" status="PASS">
          <reporter-output>
          </reporter-output>
        </test-method> <!-- googleTextBox -->
      </class> <!-- test.Test_GoogleTextBox -->
    </test> <!-- Test -->
  </suite> <!-- Suite -->
</testng-results>
