<?xml version="1.0" encoding="UTF-8"?>
<testng-results ignored="0" total="1" passed="1" failed="0" skipped="0">
  <reporter-output>
  </reporter-output>
  <suite started-at="2026-02-15T12:43:26 IST" name="Default suite" finished-at="2026-02-15T12:43:33 IST" duration-ms="6913">
    <groups>
    </groups>
    <test started-at="2026-02-15T12:43:26 IST" name="Default test" finished-at="2026-02-15T12:43:33 IST" duration-ms="6913">
      <class name="test.Test_AlertHandling">
        <test-method signature="hanldeAlert()[pri:0, instance:test.Test_AlertHandling@18078bef]" started-at="2026-02-15T12:43:26 IST" name="hanldeAlert" finished-at="2026-02-15T12:43:33 IST" duration-ms="6853" status="PASS">
          <reporter-output>
          </reporter-output>
        </test-method> <!-- hanldeAlert -->
      </class> <!-- test.Test_AlertHandling -->
    </test> <!-- Default test -->
  </suite> <!-- Default suite -->
</testng-results>
